<?xml version="1.0" encoding="UTF-8"?>
<!-- Generated by org.testng.reporters.JUnitXMLReporter -->
<testsuite hostname="QAP18-PC" ignored="0" name="Default test" tests="3" failures="0" timestamp="13 May 2019 10:09:19 GMT" time="73.273" errors="0">
  <testcase name="addEmployee" time="12.572" classname="testNG.TestCasesWithTestNG"/>
  <testcase name="editEmployee" time="24.981" classname="testNG.TestCasesWithTestNG"/>
  <testcase name="delete" time="0.995" classname="testNG.TestCasesWithTestNG"/>
</testsuite> <!-- Default test -->
